<?xml version="1.0" encoding="UTF-8"?>
<testng-results skipped="0" failed="0" total="1" passed="1">
  <reporter-output>
  </reporter-output>
  <suite name="Suite" duration-ms="53" started-at="2018-03-26T17:43:16Z" finished-at="2018-03-26T17:43:16Z">
    <groups>
    </groups>
    <test name="Test" duration-ms="53" started-at="2018-03-26T17:43:16Z" finished-at="2018-03-26T17:43:16Z">
      <class name="com.learnautomation.selenium.DemoForMaven">
        <test-method status="PASS" signature="testHello()[pri:0, instance:com.learnautomation.selenium.DemoForMaven@326de728]" name="testHello" duration-ms="17" started-at="2018-03-26T23:13:16Z" finished-at="2018-03-26T23:13:16Z">
          <reporter-output>
          </reporter-output>
        </test-method> <!-- testHello -->
      </class> <!-- com.learnautomation.selenium.DemoForMaven -->
    </test> <!-- Test -->
  </suite> <!-- Suite -->
</testng-results>
